Flutter crash report.
Please report a bug at https://github.com/flutter/flutter/issues.

## command

flutter pub get

## exception

YamlException: Error on line 2, column 6: Expected alphanumeric character.
  ╷
2 │     *   The content should be:
  │      ^
  ╵

```
#0      Scanner._scanAnchor (package:yaml/src/scanner.dart:983:7)
#1      Scanner._fetchAnchor (package:yaml/src/scanner.dart:761:17)
#2      Scanner._fetchNextToken (package:yaml/src/scanner.dart:408:9)
#3      Scanner._fetchMoreTokens (package:yaml/src/scanner.dart:351:7)
#4      Scanner.peek (package:yaml/src/scanner.dart:329:27)
#5      Parser._parseDocumentStart (package:yaml/src/parser.dart:147:26)
#6      Parser._stateMachine (package:yaml/src/parser.dart:74:16)
#7      Parser.parse (package:yaml/src/parser.dart:61:19)
#8      Loader.load (package:yaml/src/loader.dart:54:25)
#9      loadYamlDocument (package:yaml/yaml.dart:72:25)
#10     loadYamlNode (package:yaml/yaml.dart:57:5)
#11     generateLocalizationsSyntheticPackage (package:flutter_tools/src/dart/generate_synthetic_packages.dart:30:29)
#12     PackagesGetCommand.runCommand (package:flutter_tools/src/commands/packages.dart:309:15)
#13     FlutterCommand.verifyThenRunCommand (package:flutter_tools/src/runner/flutter_command.dart:1815:12)
<asynchronous suspension>
#14     FlutterCommand.run.<anonymous closure> (package:flutter_tools/src/runner/flutter_command.dart:1450:27)
<asynchronous suspension>
#15     AppContext.run.<anonymous closure> (package:flutter_tools/src/base/context.dart:153:19)
<asynchronous suspension>
#16     CommandRunner.runCommand (package:args/command_runner.dart:212:13)
<asynchronous suspension>
#17     FlutterCommandRunner.runCommand.<anonymous closure> (package:flutter_tools/src/runner/flutter_command_runner.dart:421:9)
<asynchronous suspension>
#18     AppContext.run.<anonymous closure> (package:flutter_tools/src/base/context.dart:153:19)
<asynchronous suspension>
#19     FlutterCommandRunner.runCommand (package:flutter_tools/src/runner/flutter_command_runner.dart:364:5)
<asynchronous suspension>
#20     run.<anonymous closure>.<anonymous closure> (package:flutter_tools/runner.dart:131:9)
<asynchronous suspension>
#21     AppContext.run.<anonymous closure> (package:flutter_tools/src/base/context.dart:153:19)
<asynchronous suspension>
#22     main (package:flutter_tools/executable.dart:94:3)
<asynchronous suspension>
```

## flutter doctor

```
[32m[✓][39m Flutter (Channel stable, 3.27.1, on macOS 15.3 24D5034f darwin-arm64, locale en-US)
    [32m•[39m Flutter version 3.27.1 on channel stable at /Users/kristoffersodersten/fvm/versions/stable
    [32m•[39m Upstream repository https://github.com/flutter/flutter.git
    [32m•[39m Framework revision 17025dd882 (10 days ago), 2024-12-17 03:23:09 +0900
    [32m•[39m Engine revision cb4b5fff73
    [32m•[39m Dart version 3.6.0
    [32m•[39m DevTools version 2.40.2

[32m[✓][39m Android toolchain - develop for Android devices (Android SDK version 35.0.0)
    [32m•[39m Android SDK at /Users/kristoffersodersten/Library/Android/sdk
    [32m•[39m Platform android-35, build-tools 35.0.0
    [32m•[39m Java binary at: /Library/Java/JavaVirtualMachines/temurin-17.jdk/Contents/Home/bin/java
    [32m•[39m Java version OpenJDK Runtime Environment Temurin-17.0.13+11 (build 17.0.13+11)
    [32m•[39m All Android licenses accepted.

[32m[✓][39m Xcode - develop for iOS and macOS (Xcode 16.2)
    [32m•[39m Xcode at /Applications/Xcode.app/Contents/Developer
    [32m•[39m Build 16C5032a
    [32m•[39m CocoaPods version 1.16.2

[32m[✓][39m Chrome - develop for the web
    [32m•[39m Chrome at /Applications/Google Chrome.app/Contents/MacOS/Google Chrome

[32m[✓][39m Android Studio (version 2024.2)
    [32m•[39m Android Studio at /Applications/Android Studio.app/Contents
    [32m•[39m Flutter plugin can be installed from:
      🔨 https://plugins.jetbrains.com/plugin/9212-flutter
    [32m•[39m Dart plugin can be installed from:
      🔨 https://plugins.jetbrains.com/plugin/6351-dart
    [32m•[39m Java version OpenJDK Runtime Environment (build 21.0.3+-79915917-b509.11)

[32m[✓][39m VS Code (version 1.96.2)
    [32m•[39m VS Code at /Applications/Visual Studio Code.app/Contents
    [32m•[39m Flutter extension version 3.102.0

[32m[✓][39m VS Code (version 1.96.2)
    [32m•[39m VS Code at /Users/kristoffersodersten/Downloads/Visual Studio Code-2.app/Contents
    [32m•[39m Flutter extension version 3.102.0

[32m[✓][39m Connected device (5 available)
    [32m•[39m Kristoffer’s iPhone PRO Max  (mobile) • 00008120-000E15D934D8C01E            • ios            • iOS 18.3 22D5034e
    [32m•[39m iPhone 16 Pro (mobile)                • 78479EB2-9936-4DF5-801B-344748E601AB • ios            • com.apple.CoreSimulator.SimRuntime.iOS-18-2
      (simulator)
    [32m•[39m macOS (desktop)                       • macos                                • darwin-arm64   • macOS 15.3 24D5034f darwin-arm64
    [32m•[39m Mac Designed for iPad (desktop)       • mac-designed-for-ipad                • darwin         • macOS 15.3 24D5034f darwin-arm64
    [32m•[39m Chrome (web)                          • chrome                               • web-javascript • Google Chrome 131.0.6778.205

[32m[✓][39m Network resources
    [32m•[39m All expected network resources are available.

[32m•[39m No issues found!
```
